0 info it worked if it ends with ok
1 verbose cli [ '/usr/local/bin/node', '/usr/local/bin/npm', 'publish' ]
2 info using npm@3.10.3
3 info using node@v6.6.0
4 verbose publish [ '.' ]
5 silly cache add args [ '.', null ]
6 verbose cache add spec .
7 silly cache add parsed spec Result {
7 silly cache add   raw: '.',
7 silly cache add   scope: null,
7 silly cache add   escapedName: null,
7 silly cache add   name: null,
7 silly cache add   rawSpec: '.',
7 silly cache add   spec: '/Users/joaooliveira/Sites/portuguese-municipalities',
7 silly cache add   type: 'directory' }
8 verbose addLocalDirectory /Users/joaooliveira/.npm/portuguese-municipalities/1.0.1/package.tgz not in flight; packing
9 verbose correctMkdir /Users/joaooliveira/.npm correctMkdir not in flight; initializing
10 info lifecycle portuguese-municipalities@1.0.1~prepublish: portuguese-municipalities@1.0.1
11 silly lifecycle portuguese-municipalities@1.0.1~prepublish: no script for prepublish, continuing
12 verbose tar pack [ '/Users/joaooliveira/.npm/portuguese-municipalities/1.0.1/package.tgz',
12 verbose tar pack   '/Users/joaooliveira/Sites/portuguese-municipalities' ]
13 verbose tarball /Users/joaooliveira/.npm/portuguese-municipalities/1.0.1/package.tgz
14 verbose folder /Users/joaooliveira/Sites/portuguese-municipalities
15 verbose addLocalTarball adding from inside cache /Users/joaooliveira/.npm/portuguese-municipalities/1.0.1/package.tgz
16 verbose correctMkdir /Users/joaooliveira/.npm correctMkdir not in flight; initializing
17 silly cache afterAdd portuguese-municipalities@1.0.1
18 verbose afterAdd /Users/joaooliveira/.npm/portuguese-municipalities/1.0.1/package/package.json not in flight; writing
19 verbose correctMkdir /Users/joaooliveira/.npm correctMkdir not in flight; initializing
20 verbose afterAdd /Users/joaooliveira/.npm/portuguese-municipalities/1.0.1/package/package.json written
21 silly publish { name: 'portuguese-municipalities',
21 silly publish   version: '1.0.1',
21 silly publish   description: 'List of Portuguese Municipalities',
21 silly publish   main: 'index.js',
21 silly publish   dependencies: {},
21 silly publish   devDependencies: { tabletojson: '^0.4.0' },
21 silly publish   scripts: { test: 'echo "Error: no test specified" && exit 1' },
21 silly publish   keywords:
21 silly publish    [ 'municipios',
21 silly publish      'concelhos',
21 silly publish      'distritos',
21 silly publish      'municipalities',
21 silly publish      'districts',
21 silly publish      'counties',
21 silly publish      'portuguese',
21 silly publish      'pt' ],
21 silly publish   author: { name: 'João Oliveira' },
21 silly publish   license: 'MIT',
21 silly publish   repository:
21 silly publish    { type: 'git',
21 silly publish      url: 'git+https://github.com/JoaoFOliveira/portuguese-municipalities.git' },
21 silly publish   bugs: { url: 'https://github.com/JoaoFOliveira/portuguese-municipalities/issues' },
21 silly publish   homepage: 'https://github.com/JoaoFOliveira/portuguese-municipalities#readme',
21 silly publish   readme: '# portuguese-municipalities\nList of Portuguese Municipalities, as seen on https://pt.wikipedia.org/wiki/Lista_de_concelhos_por_NUTS,_distritos_e_ilhas\n',
21 silly publish   readmeFilename: 'README.md',
21 silly publish   gitHead: '0f5be3fd31a3379583f20008c33a2a08d1779cd5',
21 silly publish   _id: 'portuguese-municipalities@1.0.1',
21 silly publish   _shasum: '83975c86ef86f77d2e93a86e2f2b7de3f07a1958',
21 silly publish   _from: '.' }
22 verbose getPublishConfig undefined
23 silly mapToRegistry name portuguese-municipalities
24 silly mapToRegistry using default registry
25 silly mapToRegistry registry https://registry.npmjs.org/
26 silly mapToRegistry data Result {
26 silly mapToRegistry   raw: 'portuguese-municipalities',
26 silly mapToRegistry   scope: null,
26 silly mapToRegistry   escapedName: 'portuguese-municipalities',
26 silly mapToRegistry   name: 'portuguese-municipalities',
26 silly mapToRegistry   rawSpec: '',
26 silly mapToRegistry   spec: 'latest',
26 silly mapToRegistry   type: 'tag' }
27 silly mapToRegistry uri https://registry.npmjs.org/portuguese-municipalities
28 verbose publish registryBase https://registry.npmjs.org/
29 silly publish uploading /Users/joaooliveira/.npm/portuguese-municipalities/1.0.1/package.tgz
30 verbose request uri https://registry.npmjs.org/portuguese-municipalities
31 verbose request sending authorization for write operation
32 info attempt registry request try #1 at 5:35:27 PM
33 verbose request using bearer token for auth
34 verbose request id 86dc3b4b4c6245c0
35 http request PUT https://registry.npmjs.org/portuguese-municipalities
36 http 403 https://registry.npmjs.org/portuguese-municipalities
37 verbose headers { 'content-type': 'application/json',
37 verbose headers   'cache-control': 'max-age=300',
37 verbose headers   'content-length': '95',
37 verbose headers   'accept-ranges': 'bytes',
37 verbose headers   date: 'Thu, 06 Oct 2016 16:35:28 GMT',
37 verbose headers   via: '1.1 varnish',
37 verbose headers   connection: 'keep-alive',
37 verbose headers   'x-served-by': 'cache-cdg8723-CDG',
37 verbose headers   'x-cache': 'MISS',
37 verbose headers   'x-cache-hits': '0',
37 verbose headers   'x-timer': 'S1475771728.028843,VS0,VE875',
37 verbose headers   vary: 'Accept-Encoding' }
38 verbose request invalidating /Users/joaooliveira/.npm/registry.npmjs.org/portuguese-municipalities on PUT
39 error publish Failed PUT 403
40 verbose stack Error: "You cannot publish over the previously published version 1.0.1." : portuguese-municipalities
40 verbose stack     at makeError (/usr/local/lib/node_modules/npm/node_modules/npm-registry-client/lib/request.js:264:12)
40 verbose stack     at CachingRegistryClient.<anonymous> (/usr/local/lib/node_modules/npm/node_modules/npm-registry-client/lib/request.js:252:14)
40 verbose stack     at Request._callback (/usr/local/lib/node_modules/npm/node_modules/npm-registry-client/lib/request.js:172:14)
40 verbose stack     at Request.self.callback (/usr/local/lib/node_modules/npm/node_modules/request/request.js:200:22)
40 verbose stack     at emitTwo (events.js:106:13)
40 verbose stack     at Request.emit (events.js:191:7)
40 verbose stack     at Request.<anonymous> (/usr/local/lib/node_modules/npm/node_modules/request/request.js:1067:10)
40 verbose stack     at emitOne (events.js:101:20)
40 verbose stack     at Request.emit (events.js:188:7)
40 verbose stack     at IncomingMessage.<anonymous> (/usr/local/lib/node_modules/npm/node_modules/request/request.js:988:12)
41 verbose statusCode 403
42 verbose pkgid portuguese-municipalities
43 verbose cwd /Users/joaooliveira/Sites/portuguese-municipalities
44 error Darwin 16.0.0
45 error argv "/usr/local/bin/node" "/usr/local/bin/npm" "publish"
46 error node v6.6.0
47 error npm  v3.10.3
48 error code E403
49 error "You cannot publish over the previously published version 1.0.1." : portuguese-municipalities
50 error If you need help, you may report this error at:
50 error     <https://github.com/npm/npm/issues>
51 verbose exit [ 1, true ]
